{
  "RSpec": {
    "coverage": {
      "/Users/Lo/Code/DBCstuff/honey_badgers/phase3/parkstorm/app/helpers/application_helper.rb": [
        1,
        null
      ],
      "/Users/Lo/Code/DBCstuff/honey_badgers/phase3/parkstorm/app/helpers/notifications_helper.rb": [
        1,
        null
      ],
      "/Users/Lo/Code/DBCstuff/honey_badgers/phase3/parkstorm/app/helpers/regions_helper.rb": [
        1,
        null
      ],
      "/Users/Lo/Code/DBCstuff/honey_badgers/phase3/parkstorm/app/helpers/users_helper.rb": [
        1,
        null
      ],
      "/Users/Lo/Code/DBCstuff/honey_badgers/phase3/parkstorm/app/controllers/notifications_controller.rb": [
        1,
        null
      ],
      "/Users/Lo/Code/DBCstuff/honey_badgers/phase3/parkstorm/app/controllers/application_controller.rb": [
        1,
        null,
        null,
        1,
        null
      ],
      "/Users/Lo/Code/DBCstuff/honey_badgers/phase3/parkstorm/app/controllers/regions_controller.rb": [
        1,
        null
      ],
      "/Users/Lo/Code/DBCstuff/honey_badgers/phase3/parkstorm/app/controllers/users_controller.rb": [
        1,
        null,
        1,
        0,
        0,
        null,
        null
      ],
      "/Users/Lo/Code/DBCstuff/honey_badgers/phase3/parkstorm/app/models/notification.rb": [
        1,
        1,
        1,
        null
      ],
      "/Users/Lo/Code/DBCstuff/honey_badgers/phase3/parkstorm/app/models/region.rb": [
        1,
        1,
        1,
        null,
        1,
        3,
        null,
        null,
        null,
        3,
        null,
        null,
        1,
        3,
        3,
        null,
        null,
        3,
        907,
        3,
        null,
        null,
        null,
        1,
        1,
        3,
        null,
        3,
        null,
        null,
        null
      ],
      "/Users/Lo/Code/DBCstuff/honey_badgers/phase3/parkstorm/app/models/user.rb": [
        1,
        1,
        1,
        null,
        1,
        null,
        null,
        1,
        null,
        null,
        1,
        1,
        null,
        null
      ]
    },
    "timestamp": 1404572069
  }
}
