{
  "RSpec": {
    "coverage": {
      "/Users/Lo/Code/DBCstuff/honey_badgers/phase3/parkstorm/app/models/mandrill_delivery.rb": [
        1,
        1,
        null,
        1,
        null,
        null,
        1,
        0,
        0,
        null,
        null,
        null,
        null,
        1,
        null,
        null,
        0,
        null,
        null,
        null,
        null,
        null,
        null,
        null,
        null,
        null,
        null,
        null,
        null,
        null,
        null,
        null,
        null,
        null,
        null,
        0,
        null,
        null,
        null,
        1,
        0,
        null,
        0,
        null,
        null,
        null,
        null,
        null,
        null,
        null,
        null,
        null,
        null,
        null,
        0,
        null,
        null,
        null
      ],
      "/Users/Lo/Code/DBCstuff/honey_badgers/phase3/parkstorm/app/models/user.rb": [
        1,
        null,
        null,
        1,
        null,
        null,
        1,
        1,
        null,
        null,
        1,
        null,
        null,
        1,
        1,
        null,
        null
      ],
      "/Users/Lo/Code/DBCstuff/honey_badgers/phase3/parkstorm/app/helpers/application_helper.rb": [
        1,
        null
      ],
      "/Users/Lo/Code/DBCstuff/honey_badgers/phase3/parkstorm/app/helpers/notifications_helper.rb": [
        1,
        null
      ],
      "/Users/Lo/Code/DBCstuff/honey_badgers/phase3/parkstorm/app/helpers/receive_text_helper.rb": [
        1,
        null
      ],
      "/Users/Lo/Code/DBCstuff/honey_badgers/phase3/parkstorm/app/helpers/regions_helper.rb": [
        1,
        null
      ],
      "/Users/Lo/Code/DBCstuff/honey_badgers/phase3/parkstorm/app/helpers/send_text_helper.rb": [
        1,
        null
      ],
      "/Users/Lo/Code/DBCstuff/honey_badgers/phase3/parkstorm/app/helpers/users_helper.rb": [
        1,
        null
      ],
      "/Users/Lo/Code/DBCstuff/honey_badgers/phase3/parkstorm/app/controllers/notifications_controller.rb": [
        1,
        null
      ],
      "/Users/Lo/Code/DBCstuff/honey_badgers/phase3/parkstorm/app/controllers/application_controller.rb": [
        1,
        null,
        null,
        1,
        null,
        null
      ],
      "/Users/Lo/Code/DBCstuff/honey_badgers/phase3/parkstorm/app/controllers/regions_controller.rb": [
        1,
        null,
        1,
        null,
        null,
        null,
        null,
        1,
        0,
        0,
        0,
        0,
        0,
        0,
        0,
        null,
        0,
        null,
        null,
        0,
        null,
        null,
        null,
        1,
        0,
        0,
        0,
        0,
        null,
        null,
        1,
        0,
        0,
        0,
        0,
        null,
        null
      ],
      "/Users/Lo/Code/DBCstuff/honey_badgers/phase3/parkstorm/app/controllers/users_controller.rb": [
        1,
        null,
        null,
        null,
        null,
        1,
        0,
        null,
        null,
        null,
        null,
        1,
        0,
        0,
        null,
        null,
        1,
        0,
        null,
        null,
        1,
        0,
        null,
        null,
        1,
        0,
        0,
        null,
        0,
        null,
        0,
        null,
        null,
        1,
        null,
        1,
        0,
        null,
        null,
        null,
        null,
        null
      ],
      "/Users/Lo/Code/DBCstuff/honey_badgers/phase3/parkstorm/app/models/notification.rb": [
        1,
        1,
        1,
        null
      ],
      "/Users/Lo/Code/DBCstuff/honey_badgers/phase3/parkstorm/app/models/region.rb": [
        1,
        1,
        1,
        null,
        1,
        6,
        null,
        null,
        null,
        6,
        5,
        null,
        1,
        null,
        null,
        null,
        1,
        null,
        4,
        4,
        null,
        null,
        4,
        909,
        4,
        null,
        null,
        1,
        1716,
        null,
        1716,
        1716,
        13728,
        13728,
        8632,
        17906,
        null,
        null,
        null,
        1716,
        null,
        null,
        1,
        40,
        null,
        null,
        1,
        1707,
        10579,
        null,
        null,
        1,
        901,
        901,
        803,
        null,
        98,
        null,
        null,
        null,
        1,
        3,
        null,
        3,
        3,
        901,
        901,
        157,
        null,
        744,
        null,
        null,
        3,
        null,
        null,
        1,
        null,
        1,
        4,
        null,
        4,
        null,
        null,
        null
      ]
    },
    "timestamp": 1404692826
  }
}
